2024-10-07 22:58:02,401 INFO: Starting the application [in /Users/blinkganesh/personal/csci927/backend/api/app.py:209]
2024-10-07 22:58:02,487 INFO: Starting the application [in /Users/blinkganesh/personal/csci927/backend/api/app.py:209]
2024-10-07 22:58:15,089 INFO: jqgtp8brzffdmcvfzd8qxi: fetching attractions [in /Users/blinkganesh/personal/csci927/backend/api/app.py:55]
2024-10-07 22:58:15,089 INFO: jqgtp8brzffdmcvfzd8qxi: fetched 3 attractions [in /Users/blinkganesh/personal/csci927/backend/api/app.py:68]
2024-10-07 22:58:55,371 INFO: Starting the application [in /Users/blinkganesh/personal/csci927/backend/api/app.py:209]
2024-10-07 22:58:58,559 INFO: Starting the application
2024-10-07 22:58:59,694 INFO: Starting the application
2024-10-07 22:59:00,843 INFO: Starting the application
2024-10-07 22:59:02,001 INFO: Starting the application
2024-10-07 22:59:09,358 INFO: Starting the application [in /Users/blinkganesh/personal/csci927/backend/api/app.py:209]
2024-10-07 22:59:38,481 - app - INFO - Starting the application
2024-10-07 22:59:39,615 - app - INFO - Starting the application
2024-10-07 22:59:40,776 - app - INFO - Starting the application
2024-10-07 22:59:42,757 - app - INFO - Starting the application
2024-10-07 22:59:42,841 - app - INFO - Starting the application
2024-10-07 22:59:46,277 - app - INFO - jqgtp8brzffdmcvfzd8qxi: fetching attractions
2024-10-07 22:59:46,278 - app - INFO - jqgtp8brzffdmcvfzd8qxi: fetched 3 attractions
2024-10-07 23:00:32,630 - app - INFO - <module> - Starting the application
2024-10-07 23:00:36,549 - app - INFO - get_attractions - jqgtp8brzffdmcvfzd8qxi: fetching attractions
2024-10-07 23:00:36,550 - app - INFO - get_attractions - jqgtp8brzffdmcvfzd8qxi: fetched 3 attractions
